{"ts":"2025-11-14T01:21:16+01:00","user_id":90,"role":"admin","path":"\/Control-Escolar-ITSUR\/public\/login","msg":"login_success","ctx":{"user_id":90,"role":"admin"}}
{"ts":"2025-11-14T01:21:16+01:00","user_id":90,"role":"admin","path":"\/Control-Escolar-ITSUR\/public\/api\/charts\/reprobados","msg":"chart_query","ctx":{"type":"reprobados_materia"}}
{"ts":"2025-11-14T01:21:16+01:00","user_id":90,"role":"admin","path":"\/Control-Escolar-ITSUR\/public\/api\/charts\/promedios-ciclo","msg":"chart_query","ctx":{"type":"promedios_ciclo"}}
{"ts":"2025-11-14T01:21:55+01:00","user_id":90,"role":"admin","path":"\/Control-Escolar-ITSUR\/public\/reports\/summary","msg":"report_summary","ctx":{"filters":{"ciclo":null,"profesor_id":null},"promedio":79.53,"reprobados":516}}
{"ts":"2025-11-14T01:22:09+01:00","user_id":90,"role":"admin","path":"\/Control-Escolar-ITSUR\/public\/reports\/summary","msg":"report_summary","ctx":{"filters":{"ciclo":null,"profesor_id":null},"promedio":79.53,"reprobados":516}}
{"ts":"2025-11-14T01:22:33+01:00","user_id":90,"role":"admin","path":"\/Control-Escolar-ITSUR\/public\/reports\/summary","msg":"report_summary","ctx":{"filters":{"ciclo":null,"profesor_id":null},"promedio":79.53,"reprobados":516}}
{"ts":"2025-11-14T01:22:59+01:00","user_id":90,"role":"admin","path":"\/Control-Escolar-ITSUR\/public\/reports\/summary","msg":"report_summary","ctx":{"filters":{"ciclo":null,"profesor_id":null},"promedio":79.53,"reprobados":516}}
{"ts":"2025-11-14T01:25:46+01:00","user_id":null,"role":null,"path":"\/Control-Escolar-ITSUR\/public\/logout","msg":"logout","ctx":[]}
{"ts":"2025-11-14T01:29:08+01:00","user_id":126,"role":"alumno","path":"\/Control-Escolar-ITSUR\/public\/login","msg":"login_success","ctx":{"user_id":126,"role":"alumno"}}
{"ts":"2025-11-14T01:30:12+01:00","user_id":null,"role":null,"path":"\/Control-Escolar-ITSUR\/public\/logout","msg":"logout","ctx":[]}
{"ts":"2025-11-14T01:30:25+01:00","user_id":null,"role":null,"path":"\/Control-Escolar-ITSUR\/public\/login","msg":"login_failed","ctx":{"identity":"C91771817"}}
{"ts":"2025-11-14T01:30:40+01:00","user_id":null,"role":null,"path":"\/Control-Escolar-ITSUR\/public\/login","msg":"login_failed","ctx":{"identity":"I53281283"}}
{"ts":"2025-11-14T01:30:55+01:00","user_id":null,"role":null,"path":"\/Control-Escolar-ITSUR\/public\/login","msg":"login_failed","ctx":{"identity":"S14161955"}}
{"ts":"2025-11-14T01:31:03+01:00","user_id":null,"role":null,"path":"\/Control-Escolar-ITSUR\/public\/login","msg":"login_failed","ctx":{"identity":""}}
{"ts":"2025-11-14T01:33:01+01:00","user_id":70,"role":"profesor","path":"\/Control-Escolar-ITSUR\/public\/login","msg":"login_success","ctx":{"user_id":70,"role":"profesor"}}
{"ts":"2025-11-14T01:33:57+01:00","user_id":70,"role":"profesor","path":"\/Control-Escolar-ITSUR\/public\/reports\/summary","msg":"report_summary","ctx":{"filters":{"ciclo":null,"profesor_id":null},"promedio":0,"reprobados":0}}
{"ts":"2025-11-18T21:47:13+01:00","user_id":90,"role":"admin","path":"\/Control-Escolar-ITSUR\/public\/login","msg":"login_success","ctx":{"user_id":90,"role":"admin"}}
{"ts":"2025-11-18T21:47:13+01:00","user_id":90,"role":"admin","path":"\/Control-Escolar-ITSUR\/public\/api\/charts\/promedios-ciclo","msg":"chart_query","ctx":{"type":"promedios_ciclo"}}
{"ts":"2025-11-18T21:47:13+01:00","user_id":90,"role":"admin","path":"\/Control-Escolar-ITSUR\/public\/api\/charts\/reprobados","msg":"chart_query","ctx":{"type":"reprobados_materia"}}
{"ts":"2025-11-18T21:47:30+01:00","user_id":90,"role":"admin","path":"\/Control-Escolar-ITSUR\/public\/reports\/summary","msg":"report_summary","ctx":{"filters":{"ciclo":null,"profesor_id":null},"promedio":79.53,"reprobados":516}}
{"ts":"2025-11-18T21:47:32+01:00","user_id":90,"role":"admin","path":"\/Control-Escolar-ITSUR\/public\/reports\/summary","msg":"report_summary","ctx":{"filters":{"ciclo":null,"profesor_id":null},"promedio":79.53,"reprobados":516}}
{"ts":"2025-11-18T21:47:34+01:00","user_id":90,"role":"admin","path":"\/Control-Escolar-ITSUR\/public\/reports\/summary","msg":"report_summary","ctx":{"filters":{"ciclo":null,"profesor_id":null},"promedio":79.53,"reprobados":516}}
{"ts":"2025-11-18T21:53:11+01:00","user_id":90,"role":"admin","path":"\/Control-Escolar-ITSUR\/public\/login","msg":"login_success","ctx":{"user_id":90,"role":"admin"}}
{"ts":"2025-11-18T21:53:11+01:00","user_id":90,"role":"admin","path":"\/Control-Escolar-ITSUR\/public\/api\/charts\/reprobados","msg":"chart_query","ctx":{"type":"reprobados_materia"}}
{"ts":"2025-11-18T21:53:11+01:00","user_id":90,"role":"admin","path":"\/Control-Escolar-ITSUR\/public\/api\/charts\/promedios-ciclo","msg":"chart_query","ctx":{"type":"promedios_ciclo"}}
{"ts":"2025-11-18T21:55:34+01:00","user_id":90,"role":"admin","path":"\/Control-Escolar-ITSUR\/public\/login","msg":"login_success","ctx":{"user_id":90,"role":"admin"}}
{"ts":"2025-11-18T21:55:36+01:00","user_id":90,"role":"admin","path":"\/Control-Escolar-ITSUR\/public\/reports\/export\/csv","msg":"report_export_csv","ctx":{"filters":{"ciclo":null,"grupo_id":null,"profesor_id":null}}}
{"ts":"2025-11-18T22:01:25+01:00","user_id":90,"role":"admin","path":"\/Control-Escolar-ITSUR\/public\/login","msg":"login_success","ctx":{"user_id":90,"role":"admin"}}
{"ts":"2025-11-18T22:01:25+01:00","user_id":90,"role":"admin","path":"\/Control-Escolar-ITSUR\/public\/api\/charts\/reprobados","msg":"chart_query","ctx":{"type":"reprobados_materia"}}
{"ts":"2025-11-18T22:01:25+01:00","user_id":90,"role":"admin","path":"\/Control-Escolar-ITSUR\/public\/api\/charts\/promedios-ciclo","msg":"chart_query","ctx":{"type":"promedios_ciclo"}}
{"ts":"2025-11-18T22:01:27+01:00","user_id":90,"role":"admin","path":"\/Control-Escolar-ITSUR\/public\/reports\/export\/csv","msg":"report_export_csv","ctx":{"filters":{"ciclo":null,"grupo_id":null,"profesor_id":null}}}
{"ts":"2025-11-18T22:04:01+01:00","user_id":null,"role":null,"path":"\/Control-Escolar-ITSUR\/public\/logout","msg":"logout","ctx":[]}
{"ts":"2025-11-18T22:04:19+01:00","user_id":66,"role":"profesor","path":"\/Control-Escolar-ITSUR\/public\/login","msg":"login_success","ctx":{"user_id":66,"role":"profesor"}}
{"ts":"2025-11-18T22:04:28+01:00","user_id":66,"role":"profesor","path":"\/Control-Escolar-ITSUR\/public\/reports\/summary","msg":"report_summary","ctx":{"filters":{"ciclo":null,"profesor_id":null},"promedio":78.31,"reprobados":12}}
{"ts":"2025-11-18T22:08:26+01:00","user_id":90,"role":"admin","path":"\/Control-Escolar-ITSUR\/public\/login","msg":"login_success","ctx":{"user_id":90,"role":"admin"}}
{"ts":"2025-11-18T22:08:26+01:00","user_id":90,"role":"admin","path":"\/Control-Escolar-ITSUR\/public\/api\/charts\/promedios-ciclo","msg":"chart_query","ctx":{"type":"promedios_ciclo"}}
{"ts":"2025-11-18T22:08:26+01:00","user_id":90,"role":"admin","path":"\/Control-Escolar-ITSUR\/public\/api\/charts\/reprobados","msg":"chart_query","ctx":{"type":"reprobados_materia"}}
{"ts":"2025-11-18T22:12:16+01:00","user_id":90,"role":"admin","path":"\/Control-Escolar-ITSUR\/public\/login","msg":"login_success","ctx":{"user_id":90,"role":"admin"}}
{"ts":"2025-11-18T22:12:17+01:00","user_id":90,"role":"admin","path":"\/Control-Escolar-ITSUR\/public\/api\/charts\/promedios-ciclo","msg":"chart_query","ctx":{"type":"promedios_ciclo"}}
{"ts":"2025-11-18T22:12:17+01:00","user_id":90,"role":"admin","path":"\/Control-Escolar-ITSUR\/public\/api\/charts\/reprobados","msg":"chart_query","ctx":{"type":"reprobados_materia"}}
{"ts":"2025-11-18T22:38:03+01:00","user_id":null,"role":null,"path":"\/Control-Escolar-ITSUR\/public\/login","msg":"login_failed","ctx":{"identity":"OR 1=1"}}
{"ts":"2025-11-18T22:39:14+01:00","user_id":null,"role":null,"path":"\/Control-Escolar-ITSUR\/public\/login","msg":"login_failed","ctx":{"identity":"select * from control_escolar where id = ' or 1=1;'"}}
{"ts":"2025-11-18T22:39:46+01:00","user_id":90,"role":"admin","path":"\/Control-Escolar-ITSUR\/public\/login","msg":"login_success","ctx":{"user_id":90,"role":"admin"}}
{"ts":"2025-11-18T22:39:46+01:00","user_id":90,"role":"admin","path":"\/Control-Escolar-ITSUR\/public\/api\/charts\/promedios-ciclo","msg":"chart_query","ctx":{"type":"promedios_ciclo"}}
{"ts":"2025-11-18T22:39:46+01:00","user_id":90,"role":"admin","path":"\/Control-Escolar-ITSUR\/public\/api\/charts\/reprobados","msg":"chart_query","ctx":{"type":"reprobados_materia"}}
{"ts":"2025-11-18T22:41:01+01:00","user_id":null,"role":null,"path":"\/Control-Escolar-ITSUR\/public\/logout","msg":"logout","ctx":[]}
{"ts":"2025-11-18T22:41:26+01:00","user_id":90,"role":"admin","path":"\/Control-Escolar-ITSUR\/public\/login","msg":"login_success","ctx":{"user_id":90,"role":"admin"}}
{"ts":"2025-11-18T22:41:26+01:00","user_id":90,"role":"admin","path":"\/Control-Escolar-ITSUR\/public\/api\/charts\/promedios-ciclo","msg":"chart_query","ctx":{"type":"promedios_ciclo"}}
{"ts":"2025-11-18T22:41:26+01:00","user_id":90,"role":"admin","path":"\/Control-Escolar-ITSUR\/public\/api\/charts\/reprobados","msg":"chart_query","ctx":{"type":"reprobados_materia"}}
{"ts":"2025-11-18T23:04:32+01:00","user_id":90,"role":"admin","path":"\/Control-Escolar-ITSUR\/public\/login","msg":"login_success","ctx":{"user_id":90,"role":"admin"}}
{"ts":"2025-11-18T23:04:32+01:00","user_id":90,"role":"admin","path":"\/Control-Escolar-ITSUR\/public\/api\/charts\/promedios-ciclo","msg":"chart_query","ctx":{"type":"promedios_ciclo"}}
{"ts":"2025-11-18T23:04:32+01:00","user_id":90,"role":"admin","path":"\/Control-Escolar-ITSUR\/public\/api\/charts\/reprobados","msg":"chart_query","ctx":{"type":"reprobados_materia"}}
{"ts":"2025-11-18T23:22:26+01:00","user_id":90,"role":"admin","path":"\/Control-Escolar-ITSUR\/public\/login","msg":"login_success","ctx":{"user_id":90,"role":"admin"}}
{"ts":"2025-11-18T23:22:26+01:00","user_id":90,"role":"admin","path":"\/Control-Escolar-ITSUR\/public\/api\/charts\/promedios-ciclo","msg":"chart_query","ctx":{"type":"promedios_ciclo"}}
{"ts":"2025-11-18T23:22:26+01:00","user_id":90,"role":"admin","path":"\/Control-Escolar-ITSUR\/public\/api\/charts\/reprobados","msg":"chart_query","ctx":{"type":"reprobados_materia"}}
{"ts":"2025-11-18T23:22:49+01:00","user_id":90,"role":"admin","path":"\/Control-Escolar-ITSUR\/public\/reports\/summary","msg":"report_summary","ctx":{"filters":{"ciclo":null,"profesor_id":null},"promedio":79.53,"reprobados":516}}
{"ts":"2025-11-18T23:26:44+01:00","user_id":90,"role":"admin","path":"\/Control-Escolar-ITSUR\/public\/login","msg":"login_success","ctx":{"user_id":90,"role":"admin"}}
{"ts":"2025-11-18T23:26:44+01:00","user_id":90,"role":"admin","path":"\/Control-Escolar-ITSUR\/public\/api\/charts\/promedios-ciclo","msg":"chart_query","ctx":{"type":"promedios_ciclo"}}
{"ts":"2025-11-18T23:26:44+01:00","user_id":90,"role":"admin","path":"\/Control-Escolar-ITSUR\/public\/api\/charts\/reprobados","msg":"chart_query","ctx":{"type":"reprobados_materia"}}
{"ts":"2025-11-18T23:27:10+01:00","user_id":90,"role":"admin","path":"\/Control-Escolar-ITSUR\/public\/subjects\/create","msg":"subject_create","ctx":{"nombre":"A","clave":"ADM"}}
{"ts":"2025-11-18T23:28:18+01:00","user_id":90,"role":"admin","path":"\/Control-Escolar-ITSUR\/public\/reports\/summary","msg":"report_summary","ctx":{"filters":{"ciclo":null,"profesor_id":null},"promedio":79.53,"reprobados":516}}
{"ts":"2025-11-18T23:28:42+01:00","user_id":null,"role":null,"path":"\/Control-Escolar-ITSUR\/public\/logout","msg":"logout","ctx":[]}
{"ts":"2025-11-18T23:29:07+01:00","user_id":66,"role":"profesor","path":"\/Control-Escolar-ITSUR\/public\/login","msg":"login_success","ctx":{"user_id":66,"role":"profesor"}}
{"ts":"2025-11-18T23:30:11+01:00","user_id":66,"role":"profesor","path":"\/Control-Escolar-ITSUR\/public\/reports\/summary","msg":"report_summary","ctx":{"filters":{"ciclo":null,"profesor_id":null},"promedio":78.31,"reprobados":12}}
{"ts":"2025-11-18T23:30:13+01:00","user_id":66,"role":"profesor","path":"\/Control-Escolar-ITSUR\/public\/reports\/summary","msg":"report_summary","ctx":{"filters":{"ciclo":null,"profesor_id":null},"promedio":78.31,"reprobados":12}}
{"ts":"2025-11-18T23:41:44+01:00","user_id":66,"role":"profesor","path":"\/Control-Escolar-ITSUR\/public\/login","msg":"login_success","ctx":{"user_id":66,"role":"profesor"}}
{"ts":"2025-11-18T23:42:42+01:00","user_id":66,"role":"profesor","path":"\/Control-Escolar-ITSUR\/public\/grades\/create","msg":"grade_upsert","ctx":{"alumno_id":53,"grupo_id":41}}
{"ts":"2025-11-18T23:43:23+01:00","user_id":158,"role":"alumno","path":"\/Control-Escolar-ITSUR\/public\/login","msg":"login_success","ctx":{"user_id":158,"role":"alumno"}}
{"ts":"2025-11-19T00:08:23+01:00","user_id":147,"role":"alumno","path":"\/Control-Escolar-ITSUR\/public\/login","msg":"login_success","ctx":{"user_id":147,"role":"alumno"}}
{"ts":"2025-11-19T00:43:25+01:00","user_id":147,"role":"alumno","path":"\/Control-Escolar-ITSUR\/public\/login","msg":"login_success","ctx":{"user_id":147,"role":"alumno"}}
{"ts":"2025-11-19T22:01:28+01:00","user_id":145,"role":"alumno","path":"\/Control-Escolar-ITSUR\/public\/login","msg":"login_success","ctx":{"user_id":145,"role":"alumno"}}
{"ts":"2025-11-19T22:02:42+01:00","user_id":null,"role":null,"path":"\/Control-Escolar-ITSUR\/public\/logout","msg":"logout","ctx":[]}
{"ts":"2025-11-19T22:02:59+01:00","user_id":68,"role":"profesor","path":"\/Control-Escolar-ITSUR\/public\/login","msg":"login_success","ctx":{"user_id":68,"role":"profesor"}}
{"ts":"2025-11-19T22:04:57+01:00","user_id":68,"role":"profesor","path":"\/Control-Escolar-ITSUR\/public\/reports\/export\/csv","msg":"report_export_csv","ctx":{"filters":{"ciclo":null,"grupo_id":null,"profesor_id":null}}}
{"ts":"2025-11-19T22:05:36+01:00","user_id":68,"role":"profesor","path":"\/Control-Escolar-ITSUR\/public\/grades\/bulk","msg":"grades_bulk_update","ctx":{"updated":0,"skipped":35,"processed":35}}
{"ts":"2025-11-19T22:06:16+01:00","user_id":68,"role":"profesor","path":"\/Control-Escolar-ITSUR\/public\/reports\/summary","msg":"report_summary","ctx":{"filters":{"ciclo":null,"profesor_id":null},"promedio":83.23,"reprobados":6}}
{"ts":"2025-11-19T22:06:19+01:00","user_id":68,"role":"profesor","path":"\/Control-Escolar-ITSUR\/public\/reports\/summary","msg":"report_summary","ctx":{"filters":{"ciclo":null,"profesor_id":null},"promedio":83.23,"reprobados":6}}
{"ts":"2025-11-19T22:06:27+01:00","user_id":68,"role":"profesor","path":"\/Control-Escolar-ITSUR\/public\/reports\/export\/csv","msg":"report_export_csv","ctx":{"filters":{"ciclo":"","grupo_id":0,"profesor_id":null}}}
{"ts":"2025-11-19T22:06:31+01:00","user_id":68,"role":"profesor","path":"\/Control-Escolar-ITSUR\/public\/reports\/export\/pdf","msg":"report_export_pdf","ctx":{"filters":{"ciclo":"","grupo_id":0,"profesor_id":null}}}
{"ts":"2025-11-19T22:16:27+01:00","user_id":68,"role":"profesor","path":"\/Control-Escolar-ITSUR\/public\/login","msg":"login_success","ctx":{"user_id":68,"role":"profesor"}}
{"ts":"2025-11-19T22:16:50+01:00","user_id":68,"role":"profesor","path":"\/Control-Escolar-ITSUR\/public\/grades\/bulk","msg":"grades_bulk_update","ctx":{"updated":0,"skipped":35,"processed":35}}
{"ts":"2025-11-19T22:16:53+01:00","user_id":68,"role":"profesor","path":"\/Control-Escolar-ITSUR\/public\/reports\/summary","msg":"report_summary","ctx":{"filters":{"ciclo":null,"profesor_id":null},"promedio":83.23,"reprobados":6}}
{"ts":"2025-11-19T22:16:55+01:00","user_id":68,"role":"profesor","path":"\/Control-Escolar-ITSUR\/public\/reports\/summary","msg":"report_summary","ctx":{"filters":{"ciclo":null,"profesor_id":null},"promedio":83.23,"reprobados":6}}
{"ts":"2025-11-19T22:17:01+01:00","user_id":68,"role":"profesor","path":"\/Control-Escolar-ITSUR\/public\/reports\/summary","msg":"report_summary","ctx":{"filters":{"ciclo":null,"profesor_id":null},"promedio":83.23,"reprobados":6}}
{"ts":"2025-11-19T22:26:39+01:00","user_id":68,"role":"profesor","path":"\/Control-Escolar-ITSUR\/public\/login","msg":"login_success","ctx":{"user_id":68,"role":"profesor"}}
{"ts":"2025-11-19T22:27:30+01:00","user_id":68,"role":"profesor","path":"\/Control-Escolar-ITSUR\/public\/reports\/summary","msg":"report_summary","ctx":{"filters":{"ciclo":null,"profesor_id":null},"promedio":83.23,"reprobados":6}}
{"ts":"2025-11-19T22:47:29+01:00","user_id":146,"role":"alumno","path":"\/Control-Escolar-ITSUR\/public\/login","msg":"login_success","ctx":{"user_id":146,"role":"alumno"}}
{"ts":"2025-11-19T22:48:06+01:00","user_id":null,"role":null,"path":"\/Control-Escolar-ITSUR\/public\/logout","msg":"logout","ctx":[]}
{"ts":"2025-11-19T22:48:13+01:00","user_id":74,"role":"profesor","path":"\/Control-Escolar-ITSUR\/public\/login","msg":"login_success","ctx":{"user_id":74,"role":"profesor"}}
{"ts":"2025-11-19T22:48:19+01:00","user_id":74,"role":"profesor","path":"\/Control-Escolar-ITSUR\/public\/reports\/summary","msg":"report_summary","ctx":{"filters":{"ciclo":null,"profesor_id":null},"promedio":74.5,"reprobados":4}}
{"ts":"2025-11-19T22:48:23+01:00","user_id":74,"role":"profesor","path":"\/Control-Escolar-ITSUR\/public\/reports\/summary?ciclo=2025-2","msg":"report_summary","ctx":{"filters":{"ciclo":"2025-2","profesor_id":null},"promedio":75.5,"reprobados":2}}
{"ts":"2025-11-19T22:48:24+01:00","user_id":74,"role":"profesor","path":"\/Control-Escolar-ITSUR\/public\/reports\/summary?ciclo=2025-2","msg":"report_summary","ctx":{"filters":{"ciclo":"2025-2","profesor_id":null},"promedio":75.5,"reprobados":2}}
{"ts":"2025-11-19T22:48:25+01:00","user_id":74,"role":"profesor","path":"\/Control-Escolar-ITSUR\/public\/reports\/summary?ciclo=2025-2","msg":"report_summary","ctx":{"filters":{"ciclo":"2025-2","profesor_id":null},"promedio":75.5,"reprobados":2}}
{"ts":"2025-11-19T22:48:30+01:00","user_id":74,"role":"profesor","path":"\/Control-Escolar-ITSUR\/public\/reports\/summary?ciclo=2025-1","msg":"report_summary","ctx":{"filters":{"ciclo":"2025-1","profesor_id":null},"promedio":73.83,"reprobados":2}}
{"ts":"2025-11-19T22:48:32+01:00","user_id":74,"role":"profesor","path":"\/Control-Escolar-ITSUR\/public\/reports\/summary?ciclo=2025-1","msg":"report_summary","ctx":{"filters":{"ciclo":"2025-1","profesor_id":null},"promedio":73.83,"reprobados":2}}
{"ts":"2025-11-19T22:48:32+01:00","user_id":74,"role":"profesor","path":"\/Control-Escolar-ITSUR\/public\/reports\/summary?ciclo=2025-1","msg":"report_summary","ctx":{"filters":{"ciclo":"2025-1","profesor_id":null},"promedio":73.83,"reprobados":2}}
{"ts":"2025-11-19T23:47:11+01:00","user_id":69,"role":"profesor","path":"\/Control-Escolar-ITSUR\/public\/login","msg":"login_success","ctx":{"user_id":69,"role":"profesor"}}
{"ts":"2025-11-19T23:47:34+01:00","user_id":69,"role":"profesor","path":"\/Control-Escolar-ITSUR\/public\/grades\/bulk","msg":"grades_bulk_update","ctx":{"updated":0,"skipped":35,"processed":35}}
{"ts":"2025-11-19T23:47:41+01:00","user_id":69,"role":"profesor","path":"\/Control-Escolar-ITSUR\/public\/reports\/summary","msg":"report_summary","ctx":{"filters":{"ciclo":null,"profesor_id":null},"promedio":80.52,"reprobados":6}}
{"ts":"2025-11-19T23:47:41+01:00","user_id":69,"role":"profesor","path":"\/Control-Escolar-ITSUR\/public\/api\/charts\/reprobados","msg":"chart_query","ctx":{"type":"reprobados_materia"}}
{"ts":"2025-11-19T23:48:24+01:00","user_id":69,"role":"profesor","path":"\/Control-Escolar-ITSUR\/public\/api\/charts\/reprobados?ciclo=2025-2","msg":"chart_query","ctx":{"type":"reprobados_materia"}}
{"ts":"2025-11-19T23:48:24+01:00","user_id":69,"role":"profesor","path":"\/Control-Escolar-ITSUR\/public\/reports\/summary?ciclo=2025-2","msg":"report_summary","ctx":{"filters":{"ciclo":"2025-2","profesor_id":null},"promedio":0,"reprobados":0}}
{"ts":"2025-11-19T23:48:28+01:00","user_id":69,"role":"profesor","path":"\/Control-Escolar-ITSUR\/public\/reports\/summary?ciclo=2025-1","msg":"report_summary","ctx":{"filters":{"ciclo":"2025-1","profesor_id":null},"promedio":0,"reprobados":0}}
{"ts":"2025-11-19T23:48:28+01:00","user_id":69,"role":"profesor","path":"\/Control-Escolar-ITSUR\/public\/api\/charts\/reprobados?ciclo=2025-1","msg":"chart_query","ctx":{"type":"reprobados_materia"}}
{"ts":"2025-11-19T23:48:31+01:00","user_id":69,"role":"profesor","path":"\/Control-Escolar-ITSUR\/public\/api\/charts\/reprobados?ciclo=2024B","msg":"chart_query","ctx":{"type":"reprobados_materia"}}
{"ts":"2025-11-19T23:48:32+01:00","user_id":69,"role":"profesor","path":"\/Control-Escolar-ITSUR\/public\/api\/charts\/reprobados?ciclo=2024A","msg":"chart_query","ctx":{"type":"reprobados_materia"}}
{"ts":"2025-11-19T23:48:36+01:00","user_id":69,"role":"profesor","path":"\/Control-Escolar-ITSUR\/public\/api\/charts\/reprobados?ciclo=2024A&grupo_id=19","msg":"chart_query","ctx":{"type":"reprobados_materia"}}
{"ts":"2025-11-19T23:48:54+01:00","user_id":69,"role":"profesor","path":"\/Control-Escolar-ITSUR\/public\/reports\/summary","msg":"report_summary","ctx":{"filters":{"ciclo":null,"profesor_id":null},"promedio":80.52,"reprobados":6}}
{"ts":"2025-11-19T23:48:56+01:00","user_id":69,"role":"profesor","path":"\/Control-Escolar-ITSUR\/public\/reports\/summary","msg":"report_summary","ctx":{"filters":{"ciclo":null,"profesor_id":null},"promedio":80.52,"reprobados":6}}
{"ts":"2025-11-19T23:48:56+01:00","user_id":69,"role":"profesor","path":"\/Control-Escolar-ITSUR\/public\/api\/charts\/reprobados?grupo_id=19","msg":"chart_query","ctx":{"type":"reprobados_materia"}}
{"ts":"2025-11-19T23:48:57+01:00","user_id":69,"role":"profesor","path":"\/Control-Escolar-ITSUR\/public\/reports\/summary","msg":"report_summary","ctx":{"filters":{"ciclo":null,"profesor_id":null},"promedio":80.52,"reprobados":6}}
{"ts":"2025-11-19T23:49:03+01:00","user_id":69,"role":"profesor","path":"\/Control-Escolar-ITSUR\/public\/reports\/summary","msg":"report_summary","ctx":{"filters":{"ciclo":null,"profesor_id":null},"promedio":80.52,"reprobados":6}}
{"ts":"2025-11-20T00:18:48+01:00","user_id":69,"role":"profesor","path":"\/Control-Escolar-ITSUR\/public\/login","msg":"login_success","ctx":{"user_id":69,"role":"profesor"}}
{"ts":"2025-11-20T00:27:22+01:00","user_id":69,"role":"profesor","path":"\/Control-Escolar-ITSUR\/public\/login","msg":"login_success","ctx":{"user_id":69,"role":"profesor"}}
{"ts":"2025-11-20T00:42:40+01:00","user_id":69,"role":"profesor","path":"\/Control-Escolar-ITSUR\/public\/login","msg":"login_success","ctx":{"user_id":69,"role":"profesor"}}
{"ts":"2025-11-20T00:46:41+01:00","user_id":69,"role":"profesor","path":"\/Control-Escolar-ITSUR\/public\/grades\/bulk","msg":"grades_bulk_update","ctx":{"updated":0,"skipped":35,"processed":35}}
{"ts":"2025-11-20T21:05:51+01:00","user_id":90,"role":"admin","path":"\/Control-Escolar-ITSUR\/public\/login","msg":"login_success","ctx":{"user_id":90,"role":"admin"}}
{"ts":"2025-11-20T21:05:51+01:00","user_id":90,"role":"admin","path":"\/Control-Escolar-ITSUR\/public\/api\/charts\/promedios-ciclo","msg":"chart_query","ctx":{"type":"promedios_ciclo"}}
{"ts":"2025-11-20T21:05:51+01:00","user_id":90,"role":"admin","path":"\/Control-Escolar-ITSUR\/public\/api\/charts\/reprobados","msg":"chart_query","ctx":{"type":"reprobados_materia"}}
{"ts":"2025-11-20T21:20:14+01:00","user_id":90,"role":"admin","path":"\/Control-Escolar-ITSUR\/public\/login","msg":"login_success","ctx":{"user_id":90,"role":"admin"}}
{"ts":"2025-11-20T21:20:14+01:00","user_id":90,"role":"admin","path":"\/Control-Escolar-ITSUR\/public\/api\/charts\/promedios-ciclo","msg":"chart_query","ctx":{"type":"promedios_ciclo"}}
{"ts":"2025-11-20T21:20:14+01:00","user_id":90,"role":"admin","path":"\/Control-Escolar-ITSUR\/public\/api\/charts\/reprobados","msg":"chart_query","ctx":{"type":"reprobados_materia"}}
{"ts":"2025-11-20T22:23:56+01:00","user_id":90,"role":"admin","path":"\/Control-Escolar-ITSUR\/public\/login","msg":"login_success","ctx":{"user_id":90,"role":"admin"}}
{"ts":"2025-11-20T22:23:56+01:00","user_id":90,"role":"admin","path":"\/Control-Escolar-ITSUR\/public\/api\/charts\/promedios-ciclo","msg":"chart_query","ctx":{"type":"promedios_ciclo"}}
{"ts":"2025-11-20T22:23:56+01:00","user_id":90,"role":"admin","path":"\/Control-Escolar-ITSUR\/public\/api\/charts\/reprobados","msg":"chart_query","ctx":{"type":"reprobados_materia"}}
{"ts":"2025-11-20T22:24:46+01:00","user_id":90,"role":"admin","path":"\/Control-Escolar-ITSUR\/public\/login","msg":"login_success","ctx":{"user_id":90,"role":"admin"}}
{"ts":"2025-11-20T22:44:39+01:00","user_id":90,"role":"admin","path":"\/Control-Escolar-ITSUR\/public\/login","msg":"login_success","ctx":{"user_id":90,"role":"admin"}}
{"ts":"2025-11-20T22:44:39+01:00","user_id":90,"role":"admin","path":"\/Control-Escolar-ITSUR\/public\/api\/charts\/promedios-ciclo","msg":"chart_query","ctx":{"type":"promedios_ciclo"}}
{"ts":"2025-11-20T22:44:39+01:00","user_id":90,"role":"admin","path":"\/Control-Escolar-ITSUR\/public\/api\/charts\/reprobados","msg":"chart_query","ctx":{"type":"reprobados_materia"}}
{"ts":"2025-11-20T22:51:09+01:00","user_id":90,"role":"admin","path":"\/Control-Escolar-ITSUR\/public\/login","msg":"login_success","ctx":{"user_id":90,"role":"admin"}}
{"ts":"2025-11-20T22:51:09+01:00","user_id":90,"role":"admin","path":"\/Control-Escolar-ITSUR\/public\/api\/charts\/promedios-ciclo","msg":"chart_query","ctx":{"type":"promedios_ciclo"}}
{"ts":"2025-11-20T22:51:09+01:00","user_id":90,"role":"admin","path":"\/Control-Escolar-ITSUR\/public\/api\/charts\/reprobados","msg":"chart_query","ctx":{"type":"reprobados_materia"}}
{"ts":"2025-11-20T22:53:19+01:00","user_id":90,"role":"admin","path":"\/Control-Escolar-ITSUR\/public\/login","msg":"login_success","ctx":{"user_id":90,"role":"admin"}}
{"ts":"2025-11-20T22:53:19+01:00","user_id":90,"role":"admin","path":"\/Control-Escolar-ITSUR\/public\/api\/charts\/promedios-ciclo","msg":"chart_query","ctx":{"type":"promedios_ciclo"}}
{"ts":"2025-11-20T22:53:19+01:00","user_id":90,"role":"admin","path":"\/Control-Escolar-ITSUR\/public\/api\/charts\/reprobados","msg":"chart_query","ctx":{"type":"reprobados_materia"}}
{"ts":"2025-11-20T23:13:24+01:00","user_id":90,"role":"admin","path":"\/Control-Escolar-ITSUR\/public\/login","msg":"login_success","ctx":{"user_id":90,"role":"admin"}}
{"ts":"2025-11-20T23:13:25+01:00","user_id":90,"role":"admin","path":"\/Control-Escolar-ITSUR\/public\/api\/charts\/promedios-ciclo","msg":"chart_query","ctx":{"type":"promedios_ciclo"}}
{"ts":"2025-11-20T23:13:25+01:00","user_id":90,"role":"admin","path":"\/Control-Escolar-ITSUR\/public\/api\/charts\/reprobados","msg":"chart_query","ctx":{"type":"reprobados_materia"}}
{"ts":"2025-11-20T23:17:05+01:00","user_id":90,"role":"admin","path":"\/Control-Escolar-ITSUR\/public\/login","msg":"login_success","ctx":{"user_id":90,"role":"admin"}}
{"ts":"2025-11-20T23:17:06+01:00","user_id":90,"role":"admin","path":"\/Control-Escolar-ITSUR\/public\/api\/charts\/promedios-ciclo","msg":"chart_query","ctx":{"type":"promedios_ciclo"}}
{"ts":"2025-11-20T23:17:06+01:00","user_id":90,"role":"admin","path":"\/Control-Escolar-ITSUR\/public\/api\/charts\/reprobados","msg":"chart_query","ctx":{"type":"reprobados_materia"}}
{"ts":"2025-11-20T23:43:49+01:00","user_id":90,"role":"admin","path":"\/Control-Escolar-ITSUR\/public\/login","msg":"login_success","ctx":{"user_id":90,"role":"admin"}}
{"ts":"2025-11-20T23:43:49+01:00","user_id":90,"role":"admin","path":"\/Control-Escolar-ITSUR\/public\/api\/charts\/promedios-ciclo","msg":"chart_query","ctx":{"type":"promedios_ciclo"}}
{"ts":"2025-11-20T23:43:49+01:00","user_id":90,"role":"admin","path":"\/Control-Escolar-ITSUR\/public\/api\/charts\/reprobados","msg":"chart_query","ctx":{"type":"reprobados_materia"}}
{"ts":"2025-11-20T23:49:26+01:00","user_id":90,"role":"admin","path":"\/Control-Escolar-ITSUR\/public\/api\/charts\/reprobados","msg":"chart_query","ctx":{"type":"reprobados_materia"}}
{"ts":"2025-11-20T23:49:26+01:00","user_id":90,"role":"admin","path":"\/Control-Escolar-ITSUR\/public\/api\/charts\/promedios-ciclo","msg":"chart_query","ctx":{"type":"promedios_ciclo"}}
{"ts":"2025-11-21T00:06:59+01:00","user_id":90,"role":"admin","path":"\/Control-Escolar-ITSUR\/public\/login","msg":"login_success","ctx":{"user_id":90,"role":"admin"}}
{"ts":"2025-11-21T00:07:00+01:00","user_id":90,"role":"admin","path":"\/Control-Escolar-ITSUR\/public\/api\/charts\/promedios-ciclo","msg":"chart_query","ctx":{"type":"promedios_ciclo"}}
{"ts":"2025-11-21T00:07:00+01:00","user_id":90,"role":"admin","path":"\/Control-Escolar-ITSUR\/public\/api\/charts\/reprobados","msg":"chart_query","ctx":{"type":"reprobados_materia"}}
{"ts":"2025-11-21T00:15:37+01:00","user_id":90,"role":"admin","path":"\/Control-Escolar-ITSUR\/public\/login","msg":"login_success","ctx":{"user_id":90,"role":"admin"}}
{"ts":"2025-11-21T00:15:37+01:00","user_id":90,"role":"admin","path":"\/Control-Escolar-ITSUR\/public\/api\/charts\/promedios-ciclo","msg":"chart_query","ctx":{"type":"promedios_ciclo"}}
{"ts":"2025-11-21T00:15:38+01:00","user_id":90,"role":"admin","path":"\/Control-Escolar-ITSUR\/public\/api\/charts\/reprobados","msg":"chart_query","ctx":{"type":"reprobados_materia"}}
{"ts":"2025-11-21T00:21:31+01:00","user_id":90,"role":"admin","path":"\/Control-Escolar-ITSUR\/public\/login","msg":"login_success","ctx":{"user_id":90,"role":"admin"}}
{"ts":"2025-11-21T00:21:31+01:00","user_id":90,"role":"admin","path":"\/Control-Escolar-ITSUR\/public\/api\/charts\/reprobados","msg":"chart_query","ctx":{"type":"reprobados_materia"}}
{"ts":"2025-11-21T00:21:31+01:00","user_id":90,"role":"admin","path":"\/Control-Escolar-ITSUR\/public\/api\/charts\/promedios-ciclo","msg":"chart_query","ctx":{"type":"promedios_ciclo"}}
{"ts":"2025-11-21T00:31:11+01:00","user_id":90,"role":"admin","path":"\/Control-Escolar-ITSUR\/public\/login","msg":"login_success","ctx":{"user_id":90,"role":"admin"}}
{"ts":"2025-11-21T00:31:11+01:00","user_id":90,"role":"admin","path":"\/Control-Escolar-ITSUR\/public\/api\/charts\/promedios-ciclo","msg":"chart_query","ctx":{"type":"promedios_ciclo"}}
{"ts":"2025-11-21T00:31:11+01:00","user_id":90,"role":"admin","path":"\/Control-Escolar-ITSUR\/public\/api\/charts\/reprobados","msg":"chart_query","ctx":{"type":"reprobados_materia"}}
{"ts":"2025-11-21T00:33:33+01:00","user_id":90,"role":"admin","path":"\/Control-Escolar-ITSUR\/public\/login","msg":"login_success","ctx":{"user_id":90,"role":"admin"}}
{"ts":"2025-11-21T00:33:33+01:00","user_id":90,"role":"admin","path":"\/Control-Escolar-ITSUR\/public\/api\/charts\/promedios-ciclo","msg":"chart_query","ctx":{"type":"promedios_ciclo"}}
{"ts":"2025-11-21T00:33:33+01:00","user_id":90,"role":"admin","path":"\/Control-Escolar-ITSUR\/public\/api\/charts\/reprobados","msg":"chart_query","ctx":{"type":"reprobados_materia"}}
{"ts":"2025-11-21T00:38:34+01:00","user_id":90,"role":"admin","path":"\/Control-Escolar-ITSUR\/public\/login","msg":"login_success","ctx":{"user_id":90,"role":"admin"}}
{"ts":"2025-11-21T00:38:34+01:00","user_id":90,"role":"admin","path":"\/Control-Escolar-ITSUR\/public\/api\/charts\/promedios-ciclo","msg":"chart_query","ctx":{"type":"promedios_ciclo"}}
{"ts":"2025-11-21T00:38:34+01:00","user_id":90,"role":"admin","path":"\/Control-Escolar-ITSUR\/public\/api\/charts\/reprobados","msg":"chart_query","ctx":{"type":"reprobados_materia"}}
{"ts":"2025-11-21T01:30:45+01:00","user_id":90,"role":"admin","path":"\/Control-Escolar-ITSUR\/public\/login","msg":"login_success","ctx":{"user_id":90,"role":"admin"}}
{"ts":"2025-11-21T01:30:46+01:00","user_id":90,"role":"admin","path":"\/Control-Escolar-ITSUR\/public\/api\/charts\/promedios-ciclo","msg":"chart_query","ctx":{"type":"promedios_ciclo"}}
{"ts":"2025-11-21T01:30:46+01:00","user_id":90,"role":"admin","path":"\/Control-Escolar-ITSUR\/public\/api\/charts\/reprobados","msg":"chart_query","ctx":{"type":"reprobados_materia"}}
{"ts":"2025-11-21T01:37:41+01:00","user_id":90,"role":"admin","path":"\/Control-Escolar-ITSUR\/public\/login","msg":"login_success","ctx":{"user_id":90,"role":"admin"}}
{"ts":"2025-11-21T01:37:41+01:00","user_id":90,"role":"admin","path":"\/Control-Escolar-ITSUR\/public\/api\/charts\/promedios-ciclo","msg":"chart_query","ctx":{"type":"promedios_ciclo"}}
{"ts":"2025-11-21T01:37:41+01:00","user_id":90,"role":"admin","path":"\/Control-Escolar-ITSUR\/public\/api\/charts\/reprobados","msg":"chart_query","ctx":{"type":"reprobados_materia"}}
{"ts":"2025-11-21T01:38:08+01:00","user_id":90,"role":"admin","path":"\/Control-Escolar-ITSUR\/public\/reports\/export\/csv","msg":"report_export_csv","ctx":{"filters":{"ciclo":null,"grupo_id":null,"profesor_id":null}}}
{"ts":"2025-11-21T01:52:28+01:00","user_id":90,"role":"admin","path":"\/Control-Escolar-ITSUR\/public\/login","msg":"login_success","ctx":{"user_id":90,"role":"admin"}}
{"ts":"2025-11-21T01:52:28+01:00","user_id":90,"role":"admin","path":"\/Control-Escolar-ITSUR\/public\/api\/charts\/promedios-ciclo","msg":"chart_query","ctx":{"type":"promedios_ciclo"}}
{"ts":"2025-11-21T01:52:29+01:00","user_id":90,"role":"admin","path":"\/Control-Escolar-ITSUR\/public\/api\/charts\/reprobados","msg":"chart_query","ctx":{"type":"reprobados_materia"}}
{"ts":"2025-11-21T01:55:16+01:00","user_id":90,"role":"admin","path":"\/Control-Escolar-ITSUR\/public\/login","msg":"login_success","ctx":{"user_id":90,"role":"admin"}}
{"ts":"2025-11-21T01:55:17+01:00","user_id":90,"role":"admin","path":"\/Control-Escolar-ITSUR\/public\/api\/charts\/promedios-ciclo","msg":"chart_query","ctx":{"type":"promedios_ciclo"}}
{"ts":"2025-11-21T01:55:17+01:00","user_id":90,"role":"admin","path":"\/Control-Escolar-ITSUR\/public\/api\/charts\/reprobados","msg":"chart_query","ctx":{"type":"reprobados_materia"}}
{"ts":"2025-11-21T01:56:50+01:00","user_id":90,"role":"admin","path":"\/Control-Escolar-ITSUR\/public\/login","msg":"login_success","ctx":{"user_id":90,"role":"admin"}}
{"ts":"2025-11-21T01:56:50+01:00","user_id":90,"role":"admin","path":"\/Control-Escolar-ITSUR\/public\/api\/charts\/promedios-ciclo","msg":"chart_query","ctx":{"type":"promedios_ciclo"}}
{"ts":"2025-11-21T01:56:50+01:00","user_id":90,"role":"admin","path":"\/Control-Escolar-ITSUR\/public\/api\/charts\/reprobados","msg":"chart_query","ctx":{"type":"reprobados_materia"}}
{"ts":"2025-11-21T02:00:12+01:00","user_id":90,"role":"admin","path":"\/Control-Escolar-ITSUR\/public\/login","msg":"login_success","ctx":{"user_id":90,"role":"admin"}}
{"ts":"2025-11-21T02:00:12+01:00","user_id":90,"role":"admin","path":"\/Control-Escolar-ITSUR\/public\/api\/charts\/promedios-ciclo","msg":"chart_query","ctx":{"type":"promedios_ciclo"}}
{"ts":"2025-11-21T02:00:12+01:00","user_id":90,"role":"admin","path":"\/Control-Escolar-ITSUR\/public\/api\/charts\/reprobados","msg":"chart_query","ctx":{"type":"reprobados_materia"}}
{"ts":"2025-11-21T02:10:29+01:00","user_id":90,"role":"admin","path":"\/Control-Escolar-ITSUR\/public\/login","msg":"login_success","ctx":{"user_id":90,"role":"admin"}}
{"ts":"2025-11-21T02:10:29+01:00","user_id":90,"role":"admin","path":"\/Control-Escolar-ITSUR\/public\/api\/charts\/promedios-ciclo","msg":"chart_query","ctx":{"type":"promedios_ciclo"}}
{"ts":"2025-11-21T02:10:29+01:00","user_id":90,"role":"admin","path":"\/Control-Escolar-ITSUR\/public\/api\/charts\/reprobados","msg":"chart_query","ctx":{"type":"reprobados_materia"}}
{"ts":"2025-11-21T17:42:52+01:00","user_id":90,"role":"admin","path":"\/Control-Escolar-ITSUR\/public\/login","msg":"login_success","ctx":{"user_id":90,"role":"admin"}}
{"ts":"2025-11-21T17:42:53+01:00","user_id":90,"role":"admin","path":"\/Control-Escolar-ITSUR\/public\/api\/charts\/reprobados","msg":"chart_query","ctx":{"type":"reprobados_materia"}}
{"ts":"2025-11-21T17:42:53+01:00","user_id":90,"role":"admin","path":"\/Control-Escolar-ITSUR\/public\/api\/charts\/promedios-ciclo","msg":"chart_query","ctx":{"type":"promedios_ciclo"}}
{"ts":"2025-11-21T18:07:13+01:00","user_id":90,"role":"admin","path":"\/Control-Escolar-ITSUR\/public\/login","msg":"login_success","ctx":{"user_id":90,"role":"admin"}}
{"ts":"2025-11-21T18:07:13+01:00","user_id":90,"role":"admin","path":"\/Control-Escolar-ITSUR\/public\/api\/charts\/promedios-ciclo","msg":"chart_query","ctx":{"type":"promedios_ciclo"}}
{"ts":"2025-11-21T18:07:13+01:00","user_id":90,"role":"admin","path":"\/Control-Escolar-ITSUR\/public\/api\/charts\/reprobados","msg":"chart_query","ctx":{"type":"reprobados_materia"}}
{"ts":"2025-11-21T18:34:59+01:00","user_id":90,"role":"admin","path":"\/Control-Escolar-ITSUR\/public\/login","msg":"login_success","ctx":{"user_id":90,"role":"admin"}}
{"ts":"2025-11-21T18:34:59+01:00","user_id":90,"role":"admin","path":"\/Control-Escolar-ITSUR\/public\/api\/charts\/promedios-ciclo","msg":"chart_query","ctx":{"type":"promedios_ciclo"}}
{"ts":"2025-11-21T18:35:00+01:00","user_id":90,"role":"admin","path":"\/Control-Escolar-ITSUR\/public\/api\/charts\/reprobados","msg":"chart_query","ctx":{"type":"reprobados_materia"}}
{"ts":"2025-11-21T19:02:32+01:00","user_id":90,"role":"admin","path":"\/Control-Escolar-ITSUR\/public\/login","msg":"login_success","ctx":{"user_id":90,"role":"admin"}}
{"ts":"2025-11-21T19:02:32+01:00","user_id":90,"role":"admin","path":"\/Control-Escolar-ITSUR\/public\/api\/charts\/promedios-ciclo","msg":"chart_query","ctx":{"type":"promedios_ciclo"}}
{"ts":"2025-11-21T19:02:32+01:00","user_id":90,"role":"admin","path":"\/Control-Escolar-ITSUR\/public\/api\/charts\/reprobados","msg":"chart_query","ctx":{"type":"reprobados_materia"}}
{"ts":"2025-11-21T21:08:19+01:00","user_id":90,"role":"admin","path":"\/Control-Escolar-ITSUR\/public\/login","msg":"login_success","ctx":{"user_id":90,"role":"admin"}}
{"ts":"2025-11-21T21:08:19+01:00","user_id":90,"role":"admin","path":"\/Control-Escolar-ITSUR\/public\/api\/charts\/promedios-ciclo","msg":"chart_query","ctx":{"type":"promedios_ciclo"}}
{"ts":"2025-11-21T21:08:19+01:00","user_id":90,"role":"admin","path":"\/Control-Escolar-ITSUR\/public\/api\/charts\/reprobados","msg":"chart_query","ctx":{"type":"reprobados_materia"}}
{"ts":"2025-11-21T21:12:29+01:00","user_id":null,"role":null,"path":"\/Control-Escolar-ITSUR\/public\/logout","msg":"logout","ctx":[]}
{"ts":"2025-11-21T21:13:01+01:00","user_id":75,"role":"profesor","path":"\/Control-Escolar-ITSUR\/public\/login","msg":"login_success","ctx":{"user_id":75,"role":"profesor"}}
{"ts":"2025-11-21T21:14:13+01:00","user_id":null,"role":null,"path":"\/Control-Escolar-ITSUR\/public\/logout","msg":"logout","ctx":[]}
{"ts":"2025-11-21T21:14:32+01:00","user_id":163,"role":"alumno","path":"\/Control-Escolar-ITSUR\/public\/login","msg":"login_success","ctx":{"user_id":163,"role":"alumno"}}
{"ts":"2025-11-21T21:16:50+01:00","user_id":null,"role":null,"path":"\/Control-Escolar-ITSUR\/public\/logout","msg":"logout","ctx":[]}
{"ts":"2025-11-21T21:16:54+01:00","user_id":90,"role":"admin","path":"\/Control-Escolar-ITSUR\/public\/login","msg":"login_success","ctx":{"user_id":90,"role":"admin"}}
{"ts":"2025-11-21T21:16:55+01:00","user_id":90,"role":"admin","path":"\/Control-Escolar-ITSUR\/public\/api\/charts\/promedios-ciclo","msg":"chart_query","ctx":{"type":"promedios_ciclo"}}
{"ts":"2025-11-21T21:16:55+01:00","user_id":90,"role":"admin","path":"\/Control-Escolar-ITSUR\/public\/api\/charts\/reprobados","msg":"chart_query","ctx":{"type":"reprobados_materia"}}
{"ts":"2025-11-21T23:10:58+01:00","user_id":90,"role":"admin","path":"\/Control-Escolar-ITSUR\/public\/login","msg":"login_success","ctx":{"user_id":90,"role":"admin"}}
{"ts":"2025-11-21T23:10:59+01:00","user_id":90,"role":"admin","path":"\/Control-Escolar-ITSUR\/public\/api\/charts\/reprobados","msg":"chart_query","ctx":{"type":"reprobados_materia"}}
{"ts":"2025-11-21T23:10:59+01:00","user_id":90,"role":"admin","path":"\/Control-Escolar-ITSUR\/public\/api\/charts\/promedios-ciclo","msg":"chart_query","ctx":{"type":"promedios_ciclo"}}
{"ts":"2025-11-21T23:16:14+01:00","user_id":90,"role":"admin","path":"\/Control-Escolar-ITSUR\/public\/api\/charts\/promedios-ciclo","msg":"chart_query","ctx":{"type":"promedios_ciclo"}}
{"ts":"2025-11-21T23:16:14+01:00","user_id":90,"role":"admin","path":"\/Control-Escolar-ITSUR\/public\/api\/charts\/reprobados","msg":"chart_query","ctx":{"type":"reprobados_materia"}}
{"ts":"2025-11-21T23:27:55+01:00","user_id":90,"role":"admin","path":"\/Control-Escolar-ITSUR\/public\/login","msg":"login_success","ctx":{"user_id":90,"role":"admin"}}
{"ts":"2025-11-21T23:27:55+01:00","user_id":90,"role":"admin","path":"\/Control-Escolar-ITSUR\/public\/api\/charts\/reprobados","msg":"chart_query","ctx":{"type":"reprobados_materia"}}
{"ts":"2025-11-21T23:27:55+01:00","user_id":90,"role":"admin","path":"\/Control-Escolar-ITSUR\/public\/api\/charts\/promedios-ciclo","msg":"chart_query","ctx":{"type":"promedios_ciclo"}}
{"ts":"2025-11-21T23:35:34+01:00","user_id":90,"role":"admin","path":"\/Control-Escolar-ITSUR\/public\/login","msg":"login_success","ctx":{"user_id":90,"role":"admin"}}
{"ts":"2025-11-21T23:35:34+01:00","user_id":90,"role":"admin","path":"\/Control-Escolar-ITSUR\/public\/api\/charts\/promedios-ciclo","msg":"chart_query","ctx":{"type":"promedios_ciclo"}}
{"ts":"2025-11-21T23:35:34+01:00","user_id":90,"role":"admin","path":"\/Control-Escolar-ITSUR\/public\/api\/charts\/reprobados","msg":"chart_query","ctx":{"type":"reprobados_materia"}}
{"ts":"2025-11-21T23:35:47+01:00","user_id":null,"role":null,"path":"\/Control-Escolar-ITSUR\/public\/logout","msg":"logout","ctx":[]}
{"ts":"2025-11-21T23:43:13+01:00","user_id":90,"role":"admin","path":"\/Control-Escolar-ITSUR\/public\/login","msg":"login_success","ctx":{"user_id":90,"role":"admin"}}
{"ts":"2025-11-21T23:43:13+01:00","user_id":90,"role":"admin","path":"\/Control-Escolar-ITSUR\/public\/api\/charts\/promedios-ciclo","msg":"chart_query","ctx":{"type":"promedios_ciclo"}}
{"ts":"2025-11-21T23:43:13+01:00","user_id":90,"role":"admin","path":"\/Control-Escolar-ITSUR\/public\/api\/charts\/reprobados","msg":"chart_query","ctx":{"type":"reprobados_materia"}}
{"ts":"2025-11-22T05:54:08+01:00","user_id":90,"role":"admin","path":"\/Control-Escolar-ITSUR\/public\/login","msg":"login_success","ctx":{"user_id":90,"role":"admin"}}
{"ts":"2025-11-22T05:54:08+01:00","user_id":90,"role":"admin","path":"\/Control-Escolar-ITSUR\/public\/api\/charts\/promedios-ciclo","msg":"chart_query","ctx":{"type":"promedios_ciclo"}}
{"ts":"2025-11-22T05:54:08+01:00","user_id":90,"role":"admin","path":"\/Control-Escolar-ITSUR\/public\/api\/charts\/reprobados","msg":"chart_query","ctx":{"type":"reprobados_materia"}}
{"ts":"2025-11-22T07:14:03+01:00","user_id":90,"role":"admin","path":"\/Control-Escolar-ITSUR\/public\/login","msg":"login_success","ctx":{"user_id":90,"role":"admin"}}
{"ts":"2025-11-22T07:14:03+01:00","user_id":90,"role":"admin","path":"\/Control-Escolar-ITSUR\/public\/api\/charts\/promedios-ciclo","msg":"chart_query","ctx":{"type":"promedios_ciclo"}}
{"ts":"2025-11-22T07:14:03+01:00","user_id":90,"role":"admin","path":"\/Control-Escolar-ITSUR\/public\/api\/charts\/reprobados","msg":"chart_query","ctx":{"type":"reprobados_materia"}}
{"ts":"2025-11-22T07:19:04+01:00","user_id":90,"role":"admin","path":"\/Control-Escolar-ITSUR\/public\/login","msg":"login_success","ctx":{"user_id":90,"role":"admin"}}
{"ts":"2025-11-22T07:19:05+01:00","user_id":90,"role":"admin","path":"\/Control-Escolar-ITSUR\/public\/api\/charts\/promedios-ciclo","msg":"chart_query","ctx":{"type":"promedios_ciclo"}}
{"ts":"2025-11-22T07:19:05+01:00","user_id":90,"role":"admin","path":"\/Control-Escolar-ITSUR\/public\/api\/charts\/reprobados","msg":"chart_query","ctx":{"type":"reprobados_materia"}}
{"ts":"2025-11-22T07:24:04+01:00","user_id":90,"role":"admin","path":"\/Control-Escolar-ITSUR\/public\/login","msg":"login_success","ctx":{"user_id":90,"role":"admin"}}
{"ts":"2025-11-22T07:24:05+01:00","user_id":90,"role":"admin","path":"\/Control-Escolar-ITSUR\/public\/api\/charts\/promedios-ciclo","msg":"chart_query","ctx":{"type":"promedios_ciclo"}}
{"ts":"2025-11-22T07:24:05+01:00","user_id":90,"role":"admin","path":"\/Control-Escolar-ITSUR\/public\/api\/charts\/reprobados","msg":"chart_query","ctx":{"type":"reprobados_materia"}}
{"ts":"2025-11-22T18:06:20+01:00","user_id":90,"role":"admin","path":"\/Control-Escolar-ITSUR\/public\/login","msg":"login_success","ctx":{"user_id":90,"role":"admin"}}
{"ts":"2025-11-22T18:06:21+01:00","user_id":90,"role":"admin","path":"\/Control-Escolar-ITSUR\/public\/api\/charts\/promedios-ciclo","msg":"chart_query","ctx":{"type":"promedios_ciclo"}}
{"ts":"2025-11-22T18:06:21+01:00","user_id":90,"role":"admin","path":"\/Control-Escolar-ITSUR\/public\/api\/charts\/reprobados","msg":"chart_query","ctx":{"type":"reprobados_materia"}}
{"ts":"2025-11-22T18:06:26+01:00","user_id":90,"role":"admin","path":"\/Control-Escolar-ITSUR\/public\/app.php?r=\/reports\/summary","msg":"report_summary","ctx":{"filters":{"ciclo":null,"profesor_id":null},"promedio":78.72,"reprobados":351}}
{"ts":"2025-11-22T18:06:45+01:00","user_id":90,"role":"admin","path":"\/Control-Escolar-ITSUR\/public\/app.php?r=\/reports\/summary","msg":"report_summary","ctx":{"filters":{"ciclo":null,"profesor_id":null},"promedio":78.72,"reprobados":351}}
{"ts":"2025-11-22T18:06:48+01:00","user_id":90,"role":"admin","path":"\/Control-Escolar-ITSUR\/public\/app.php?r=\/reports\/summary","msg":"report_summary","ctx":{"filters":{"ciclo":null,"profesor_id":null},"promedio":78.72,"reprobados":351}}
{"ts":"2025-11-22T18:06:50+01:00","user_id":90,"role":"admin","path":"\/Control-Escolar-ITSUR\/public\/app.php?r=\/reports\/summary","msg":"report_summary","ctx":{"filters":{"ciclo":null,"profesor_id":null},"promedio":78.72,"reprobados":351}}
{"ts":"2025-11-22T18:07:45+01:00","user_id":null,"role":null,"path":"\/Control-Escolar-ITSUR\/public\/logout","msg":"logout","ctx":[]}
{"ts":"2025-11-22T18:14:09+01:00","user_id":90,"role":"admin","path":"\/Control-Escolar-ITSUR\/public\/login","msg":"login_success","ctx":{"user_id":90,"role":"admin"}}
{"ts":"2025-11-22T18:14:09+01:00","user_id":90,"role":"admin","path":"\/Control-Escolar-ITSUR\/public\/api\/charts\/reprobados","msg":"chart_query","ctx":{"type":"reprobados_materia"}}
{"ts":"2025-11-22T18:14:09+01:00","user_id":90,"role":"admin","path":"\/Control-Escolar-ITSUR\/public\/api\/charts\/promedios-ciclo","msg":"chart_query","ctx":{"type":"promedios_ciclo"}}
{"ts":"2025-11-22T18:14:54+01:00","user_id":90,"role":"admin","path":"\/Control-Escolar-ITSUR\/public\/app.php?r=\/reports\/summary","msg":"report_summary","ctx":{"filters":{"ciclo":null,"profesor_id":null},"promedio":78.72,"reprobados":351}}
{"ts":"2025-11-22T18:14:57+01:00","user_id":90,"role":"admin","path":"\/Control-Escolar-ITSUR\/public\/app.php?r=\/reports\/summary","msg":"report_summary","ctx":{"filters":{"ciclo":null,"profesor_id":null},"promedio":78.72,"reprobados":351}}
{"ts":"2025-11-22T18:14:59+01:00","user_id":90,"role":"admin","path":"\/Control-Escolar-ITSUR\/public\/app.php?r=\/reports\/summary","msg":"report_summary","ctx":{"filters":{"ciclo":null,"profesor_id":null},"promedio":78.72,"reprobados":351}}
{"ts":"2025-11-22T18:15:42+01:00","user_id":90,"role":"admin","path":"\/Control-Escolar-ITSUR\/public\/app.php?r=\/reports\/summary","msg":"report_summary","ctx":{"filters":{"ciclo":null,"profesor_id":null},"promedio":78.72,"reprobados":351}}
{"ts":"2025-11-22T18:15:44+01:00","user_id":90,"role":"admin","path":"\/Control-Escolar-ITSUR\/public\/app.php?r=\/reports\/summary","msg":"report_summary","ctx":{"filters":{"ciclo":null,"profesor_id":null},"promedio":78.72,"reprobados":351}}
{"ts":"2025-11-22T18:15:46+01:00","user_id":90,"role":"admin","path":"\/Control-Escolar-ITSUR\/public\/app.php?r=\/reports\/summary","msg":"report_summary","ctx":{"filters":{"ciclo":null,"profesor_id":null},"promedio":78.72,"reprobados":351}}
{"ts":"2025-11-22T18:15:52+01:00","user_id":90,"role":"admin","path":"\/Control-Escolar-ITSUR\/public\/app.php?r=\/reports\/summary","msg":"report_summary","ctx":{"filters":{"ciclo":null,"profesor_id":null},"promedio":78.72,"reprobados":351}}
{"ts":"2025-11-22T18:15:53+01:00","user_id":90,"role":"admin","path":"\/Control-Escolar-ITSUR\/public\/app.php?r=\/reports\/summary","msg":"report_summary","ctx":{"filters":{"ciclo":null,"profesor_id":null},"promedio":78.72,"reprobados":351}}
{"ts":"2025-11-22T18:15:59+01:00","user_id":90,"role":"admin","path":"\/Control-Escolar-ITSUR\/public\/app.php?r=\/reports\/summary","msg":"report_summary","ctx":{"filters":{"ciclo":null,"profesor_id":null},"promedio":78.72,"reprobados":351}}
{"ts":"2025-11-22T18:17:10+01:00","user_id":90,"role":"admin","path":"\/Control-Escolar-ITSUR\/public\/app.php?r=\/reports\/summary","msg":"report_summary","ctx":{"filters":{"ciclo":null,"profesor_id":null},"promedio":78.72,"reprobados":351}}
{"ts":"2025-11-22T18:29:24+01:00","user_id":90,"role":"admin","path":"\/Control-Escolar-ITSUR\/public\/login","msg":"login_success","ctx":{"user_id":90,"role":"admin"}}
{"ts":"2025-11-22T18:29:24+01:00","user_id":90,"role":"admin","path":"\/Control-Escolar-ITSUR\/public\/api\/charts\/promedios-ciclo","msg":"chart_query","ctx":{"type":"promedios_ciclo"}}
{"ts":"2025-11-22T18:29:25+01:00","user_id":90,"role":"admin","path":"\/Control-Escolar-ITSUR\/public\/api\/charts\/reprobados","msg":"chart_query","ctx":{"type":"reprobados_materia"}}
{"ts":"2025-11-22T18:31:29+01:00","user_id":90,"role":"admin","path":"\/Control-Escolar-ITSUR\/public\/app.php?r=\/reports\/summary","msg":"report_summary","ctx":{"filters":{"ciclo":null,"profesor_id":null},"promedio":78.72,"reprobados":351}}
{"ts":"2025-11-23T01:23:26+01:00","user_id":90,"role":"admin","path":"\/Control-Escolar-ITSUR\/public\/login","msg":"login_success","ctx":{"user_id":90,"role":"admin"}}
{"ts":"2025-11-23T01:23:27+01:00","user_id":90,"role":"admin","path":"\/Control-Escolar-ITSUR\/public\/api\/charts\/promedios-ciclo","msg":"chart_query","ctx":{"type":"promedios_ciclo"}}
{"ts":"2025-11-23T01:23:27+01:00","user_id":90,"role":"admin","path":"\/Control-Escolar-ITSUR\/public\/api\/charts\/reprobados","msg":"chart_query","ctx":{"type":"reprobados_materia"}}
{"ts":"2025-11-23T01:50:20+01:00","user_id":90,"role":"admin","path":"\/Control-Escolar-ITSUR\/public\/login","msg":"login_success","ctx":{"user_id":90,"role":"admin"}}
{"ts":"2025-11-23T01:50:21+01:00","user_id":90,"role":"admin","path":"\/Control-Escolar-ITSUR\/public\/api\/charts\/reprobados","msg":"chart_query","ctx":{"type":"reprobados_materia"}}
{"ts":"2025-11-23T01:50:21+01:00","user_id":90,"role":"admin","path":"\/Control-Escolar-ITSUR\/public\/api\/charts\/promedios-ciclo","msg":"chart_query","ctx":{"type":"promedios_ciclo"}}
{"ts":"2025-11-23T02:03:11+01:00","user_id":90,"role":"admin","path":"\/Control-Escolar-ITSUR\/public\/login","msg":"login_success","ctx":{"user_id":90,"role":"admin"}}
{"ts":"2025-11-23T02:03:11+01:00","user_id":90,"role":"admin","path":"\/Control-Escolar-ITSUR\/public\/api\/charts\/promedios-ciclo","msg":"chart_query","ctx":{"type":"promedios_ciclo"}}
{"ts":"2025-11-23T02:03:11+01:00","user_id":90,"role":"admin","path":"\/Control-Escolar-ITSUR\/public\/api\/charts\/reprobados","msg":"chart_query","ctx":{"type":"reprobados_materia"}}
{"ts":"2025-11-23T05:20:36+01:00","user_id":90,"role":"admin","path":"\/Control-Escolar-ITSUR\/public\/login","msg":"login_success","ctx":{"user_id":90,"role":"admin"}}
{"ts":"2025-11-23T05:20:36+01:00","user_id":90,"role":"admin","path":"\/Control-Escolar-ITSUR\/public\/api\/charts\/promedios-ciclo","msg":"chart_query","ctx":{"type":"promedios_ciclo"}}
{"ts":"2025-11-23T05:20:36+01:00","user_id":90,"role":"admin","path":"\/Control-Escolar-ITSUR\/public\/api\/charts\/reprobados","msg":"chart_query","ctx":{"type":"reprobados_materia"}}
{"ts":"2025-11-23T06:14:03+01:00","user_id":90,"role":"admin","path":"\/Control-Escolar-ITSUR\/public\/login","msg":"login_success","ctx":{"user_id":90,"role":"admin"}}
{"ts":"2025-11-23T06:14:04+01:00","user_id":90,"role":"admin","path":"\/Control-Escolar-ITSUR\/public\/api\/charts\/promedios-ciclo","msg":"chart_query","ctx":{"type":"promedios_ciclo"}}
{"ts":"2025-11-23T06:14:04+01:00","user_id":90,"role":"admin","path":"\/Control-Escolar-ITSUR\/public\/api\/charts\/reprobados","msg":"chart_query","ctx":{"type":"reprobados_materia"}}
{"ts":"2025-11-23T07:43:07+01:00","user_id":90,"role":"admin","path":"\/Control-Escolar-ITSUR\/public\/login","msg":"login_success","ctx":{"user_id":90,"role":"admin"}}
{"ts":"2025-11-23T07:43:07+01:00","user_id":90,"role":"admin","path":"\/Control-Escolar-ITSUR\/public\/api\/charts\/promedios-ciclo","msg":"chart_query","ctx":{"type":"promedios_ciclo"}}
{"ts":"2025-11-23T07:43:07+01:00","user_id":90,"role":"admin","path":"\/Control-Escolar-ITSUR\/public\/api\/charts\/reprobados","msg":"chart_query","ctx":{"type":"reprobados_materia"}}
{"ts":"2025-11-23T07:55:59+01:00","user_id":null,"role":null,"path":"\/Control-Escolar-ITSUR\/public\/login","msg":"login_failed","ctx":{"identity":"admin@itsur.edu.mx"}}
{"ts":"2025-11-23T07:56:07+01:00","user_id":90,"role":"admin","path":"\/Control-Escolar-ITSUR\/public\/login","msg":"login_success","ctx":{"user_id":90,"role":"admin"}}
{"ts":"2025-11-23T07:56:07+01:00","user_id":90,"role":"admin","path":"\/Control-Escolar-ITSUR\/public\/api\/charts\/reprobados","msg":"chart_query","ctx":{"type":"reprobados_materia"}}
{"ts":"2025-11-23T07:56:07+01:00","user_id":90,"role":"admin","path":"\/Control-Escolar-ITSUR\/public\/api\/charts\/promedios-ciclo","msg":"chart_query","ctx":{"type":"promedios_ciclo"}}
{"ts":"2025-11-23T19:45:10+01:00","user_id":90,"role":"admin","path":"\/Control-Escolar-ITSUR\/public\/login","msg":"login_success","ctx":{"user_id":90,"role":"admin"}}
{"ts":"2025-11-23T19:45:10+01:00","user_id":90,"role":"admin","path":"\/Control-Escolar-ITSUR\/public\/api\/charts\/promedios-ciclo","msg":"chart_query","ctx":{"type":"promedios_ciclo"}}
{"ts":"2025-11-23T19:45:10+01:00","user_id":90,"role":"admin","path":"\/Control-Escolar-ITSUR\/public\/api\/charts\/reprobados","msg":"chart_query","ctx":{"type":"reprobados_materia"}}
{"ts":"2025-11-24T00:12:30+01:00","user_id":90,"role":"admin","path":"\/Control-Escolar-ITSUR\/public\/login","msg":"login_success","ctx":{"user_id":90,"role":"admin"}}
{"ts":"2025-11-24T00:12:31+01:00","user_id":90,"role":"admin","path":"\/Control-Escolar-ITSUR\/public\/api\/charts\/promedios-ciclo","msg":"chart_query","ctx":{"type":"promedios_ciclo"}}
{"ts":"2025-11-24T00:12:31+01:00","user_id":90,"role":"admin","path":"\/Control-Escolar-ITSUR\/public\/api\/charts\/reprobados","msg":"chart_query","ctx":{"type":"reprobados_materia"}}
{"ts":"2025-11-24T00:21:32+01:00","user_id":90,"role":"admin","path":"\/Control-Escolar-ITSUR\/public\/login","msg":"login_success","ctx":{"user_id":90,"role":"admin"}}
{"ts":"2025-11-24T00:21:32+01:00","user_id":90,"role":"admin","path":"\/Control-Escolar-ITSUR\/public\/api\/charts\/promedios-ciclo","msg":"chart_query","ctx":{"type":"promedios_ciclo"}}
{"ts":"2025-11-24T00:21:32+01:00","user_id":90,"role":"admin","path":"\/Control-Escolar-ITSUR\/public\/api\/charts\/reprobados","msg":"chart_query","ctx":{"type":"reprobados_materia"}}
{"ts":"2025-11-24T04:02:06+01:00","user_id":90,"role":"admin","path":"\/Control-Escolar-ITSUR\/public\/login","msg":"login_success","ctx":{"user_id":90,"role":"admin"}}
{"ts":"2025-11-24T04:02:06+01:00","user_id":90,"role":"admin","path":"\/Control-Escolar-ITSUR\/public\/api\/charts\/promedios-ciclo","msg":"chart_query","ctx":{"type":"promedios_ciclo"}}
{"ts":"2025-11-24T04:02:06+01:00","user_id":90,"role":"admin","path":"\/Control-Escolar-ITSUR\/public\/api\/charts\/reprobados","msg":"chart_query","ctx":{"type":"reprobados_materia"}}
{"ts":"2025-11-24T04:14:10+01:00","user_id":90,"role":"admin","path":"\/Control-Escolar-ITSUR\/public\/login","msg":"login_success","ctx":{"user_id":90,"role":"admin"}}
{"ts":"2025-11-24T04:14:10+01:00","user_id":90,"role":"admin","path":"\/Control-Escolar-ITSUR\/public\/api\/charts\/promedios-ciclo","msg":"chart_query","ctx":{"type":"promedios_ciclo"}}
{"ts":"2025-11-24T04:14:10+01:00","user_id":90,"role":"admin","path":"\/Control-Escolar-ITSUR\/public\/api\/charts\/reprobados","msg":"chart_query","ctx":{"type":"reprobados_materia"}}
{"ts":"2025-11-24T04:31:36+01:00","user_id":90,"role":"admin","path":"\/Control-Escolar-ITSUR\/public\/login","msg":"login_success","ctx":{"user_id":90,"role":"admin"}}
{"ts":"2025-11-24T04:31:37+01:00","user_id":90,"role":"admin","path":"\/Control-Escolar-ITSUR\/public\/api\/charts\/promedios-ciclo","msg":"chart_query","ctx":{"type":"promedios_ciclo"}}
{"ts":"2025-11-24T04:31:37+01:00","user_id":90,"role":"admin","path":"\/Control-Escolar-ITSUR\/public\/api\/charts\/reprobados","msg":"chart_query","ctx":{"type":"reprobados_materia"}}
{"ts":"2025-11-24T04:44:20+01:00","user_id":90,"role":"admin","path":"\/Control-Escolar-ITSUR\/public\/login","msg":"login_success","ctx":{"user_id":90,"role":"admin"}}
{"ts":"2025-11-24T04:44:21+01:00","user_id":90,"role":"admin","path":"\/Control-Escolar-ITSUR\/public\/api\/charts\/promedios-ciclo","msg":"chart_query","ctx":{"type":"promedios_ciclo"}}
{"ts":"2025-11-24T04:44:21+01:00","user_id":90,"role":"admin","path":"\/Control-Escolar-ITSUR\/public\/api\/charts\/reprobados","msg":"chart_query","ctx":{"type":"reprobados_materia"}}
{"ts":"2025-11-24T17:40:23+01:00","user_id":null,"role":null,"path":"\/Control-Escolar-ITSUR\/public\/login","msg":"login_failed","ctx":{"identity":"admin@itsur.edu.mx"}}
{"ts":"2025-11-24T17:40:36+01:00","user_id":90,"role":"admin","path":"\/Control-Escolar-ITSUR\/public\/login","msg":"login_success","ctx":{"user_id":90,"role":"admin"}}
{"ts":"2025-11-24T17:40:36+01:00","user_id":90,"role":"admin","path":"\/Control-Escolar-ITSUR\/public\/api\/charts\/promedios-ciclo","msg":"chart_query","ctx":{"type":"promedios_ciclo"}}
{"ts":"2025-11-24T17:40:36+01:00","user_id":90,"role":"admin","path":"\/Control-Escolar-ITSUR\/public\/api\/charts\/reprobados","msg":"chart_query","ctx":{"type":"reprobados_materia"}}
{"ts":"2025-11-24T17:58:06+01:00","user_id":90,"role":"admin","path":"\/Control-Escolar-ITSUR\/public\/login","msg":"login_success","ctx":{"user_id":90,"role":"admin"}}
{"ts":"2025-11-24T17:58:06+01:00","user_id":90,"role":"admin","path":"\/Control-Escolar-ITSUR\/public\/api\/charts\/promedios-ciclo","msg":"chart_query","ctx":{"type":"promedios_ciclo"}}
{"ts":"2025-11-24T17:58:06+01:00","user_id":90,"role":"admin","path":"\/Control-Escolar-ITSUR\/public\/api\/charts\/reprobados","msg":"chart_query","ctx":{"type":"reprobados_materia"}}
{"ts":"2025-11-24T19:00:02+01:00","user_id":90,"role":"admin","path":"\/Control-Escolar-ITSUR\/public\/login","msg":"login_success","ctx":{"user_id":90,"role":"admin"}}
{"ts":"2025-11-24T19:00:02+01:00","user_id":90,"role":"admin","path":"\/Control-Escolar-ITSUR\/public\/api\/charts\/promedios-ciclo","msg":"chart_query","ctx":{"type":"promedios_ciclo"}}
{"ts":"2025-11-24T19:00:02+01:00","user_id":90,"role":"admin","path":"\/Control-Escolar-ITSUR\/public\/api\/charts\/reprobados","msg":"chart_query","ctx":{"type":"reprobados_materia"}}
{"ts":"2025-11-24T19:09:38+01:00","user_id":90,"role":"admin","path":"\/Control-Escolar-ITSUR\/public\/login","msg":"login_success","ctx":{"user_id":90,"role":"admin"}}
{"ts":"2025-11-24T19:09:38+01:00","user_id":90,"role":"admin","path":"\/Control-Escolar-ITSUR\/public\/api\/charts\/promedios-ciclo","msg":"chart_query","ctx":{"type":"promedios_ciclo"}}
{"ts":"2025-11-24T19:09:38+01:00","user_id":90,"role":"admin","path":"\/Control-Escolar-ITSUR\/public\/api\/charts\/reprobados","msg":"chart_query","ctx":{"type":"reprobados_materia"}}
{"ts":"2025-11-24T21:10:32+01:00","user_id":90,"role":"admin","path":"\/Control-Escolar-ITSUR\/public\/login","msg":"login_success","ctx":{"user_id":90,"role":"admin"}}
{"ts":"2025-11-24T21:10:33+01:00","user_id":90,"role":"admin","path":"\/Control-Escolar-ITSUR\/public\/api\/charts\/promedios-ciclo","msg":"chart_query","ctx":{"type":"promedios_ciclo"}}
{"ts":"2025-11-24T21:10:33+01:00","user_id":90,"role":"admin","path":"\/Control-Escolar-ITSUR\/public\/api\/charts\/reprobados","msg":"chart_query","ctx":{"type":"reprobados_materia"}}
{"ts":"2025-11-24T21:37:43+01:00","user_id":90,"role":"admin","path":"\/Control-Escolar-ITSUR\/public\/login","msg":"login_success","ctx":{"user_id":90,"role":"admin"}}
{"ts":"2025-11-24T21:37:44+01:00","user_id":90,"role":"admin","path":"\/Control-Escolar-ITSUR\/public\/api\/charts\/promedios-ciclo","msg":"chart_query","ctx":{"type":"promedios_ciclo"}}
{"ts":"2025-11-24T21:37:44+01:00","user_id":90,"role":"admin","path":"\/Control-Escolar-ITSUR\/public\/api\/charts\/reprobados","msg":"chart_query","ctx":{"type":"reprobados_materia"}}
{"ts":"2025-11-24T21:40:00+01:00","user_id":90,"role":"admin","path":"\/Control-Escolar-ITSUR\/public\/login","msg":"login_success","ctx":{"user_id":90,"role":"admin"}}
{"ts":"2025-11-24T21:40:01+01:00","user_id":90,"role":"admin","path":"\/Control-Escolar-ITSUR\/public\/api\/charts\/promedios-ciclo","msg":"chart_query","ctx":{"type":"promedios_ciclo"}}
{"ts":"2025-11-24T21:40:01+01:00","user_id":90,"role":"admin","path":"\/Control-Escolar-ITSUR\/public\/api\/charts\/reprobados","msg":"chart_query","ctx":{"type":"reprobados_materia"}}
{"ts":"2025-11-24T21:55:11+01:00","user_id":90,"role":"admin","path":"\/Control-Escolar-ITSUR\/public\/login","msg":"login_success","ctx":{"user_id":90,"role":"admin"}}
{"ts":"2025-11-24T21:55:11+01:00","user_id":90,"role":"admin","path":"\/Control-Escolar-ITSUR\/public\/api\/charts\/reprobados","msg":"chart_query","ctx":{"type":"reprobados_materia"}}
{"ts":"2025-11-24T21:55:11+01:00","user_id":90,"role":"admin","path":"\/Control-Escolar-ITSUR\/public\/api\/charts\/promedios-ciclo","msg":"chart_query","ctx":{"type":"promedios_ciclo"}}
{"ts":"2025-11-24T21:57:36+01:00","user_id":90,"role":"admin","path":"\/Control-Escolar-ITSUR\/public\/login","msg":"login_success","ctx":{"user_id":90,"role":"admin"}}
{"ts":"2025-11-24T21:57:36+01:00","user_id":90,"role":"admin","path":"\/Control-Escolar-ITSUR\/public\/api\/charts\/promedios-ciclo","msg":"chart_query","ctx":{"type":"promedios_ciclo"}}
{"ts":"2025-11-24T21:57:36+01:00","user_id":90,"role":"admin","path":"\/Control-Escolar-ITSUR\/public\/api\/charts\/reprobados","msg":"chart_query","ctx":{"type":"reprobados_materia"}}
{"ts":"2025-11-24T22:00:21+01:00","user_id":90,"role":"admin","path":"\/Control-Escolar-ITSUR\/public\/login","msg":"login_success","ctx":{"user_id":90,"role":"admin"}}
{"ts":"2025-11-24T22:00:21+01:00","user_id":90,"role":"admin","path":"\/Control-Escolar-ITSUR\/public\/api\/charts\/promedios-ciclo","msg":"chart_query","ctx":{"type":"promedios_ciclo"}}
{"ts":"2025-11-24T22:00:21+01:00","user_id":90,"role":"admin","path":"\/Control-Escolar-ITSUR\/public\/api\/charts\/reprobados","msg":"chart_query","ctx":{"type":"reprobados_materia"}}
{"ts":"2025-11-24T22:06:47+01:00","user_id":90,"role":"admin","path":"\/Control-Escolar-ITSUR\/public\/login","msg":"login_success","ctx":{"user_id":90,"role":"admin"}}
{"ts":"2025-11-24T22:06:48+01:00","user_id":90,"role":"admin","path":"\/Control-Escolar-ITSUR\/public\/api\/charts\/promedios-ciclo","msg":"chart_query","ctx":{"type":"promedios_ciclo"}}
{"ts":"2025-11-24T22:06:48+01:00","user_id":90,"role":"admin","path":"\/Control-Escolar-ITSUR\/public\/api\/charts\/reprobados","msg":"chart_query","ctx":{"type":"reprobados_materia"}}
{"ts":"2025-11-24T22:12:47+01:00","user_id":90,"role":"admin","path":"\/Control-Escolar-ITSUR\/public\/login","msg":"login_success","ctx":{"user_id":90,"role":"admin"}}
{"ts":"2025-11-24T22:12:47+01:00","user_id":90,"role":"admin","path":"\/Control-Escolar-ITSUR\/public\/api\/charts\/promedios-ciclo","msg":"chart_query","ctx":{"type":"promedios_ciclo"}}
{"ts":"2025-11-24T22:12:47+01:00","user_id":90,"role":"admin","path":"\/Control-Escolar-ITSUR\/public\/api\/charts\/reprobados","msg":"chart_query","ctx":{"type":"reprobados_materia"}}
{"ts":"2025-11-24T22:15:20+01:00","user_id":90,"role":"admin","path":"\/Control-Escolar-ITSUR\/public\/login","msg":"login_success","ctx":{"user_id":90,"role":"admin"}}
{"ts":"2025-11-24T22:15:20+01:00","user_id":90,"role":"admin","path":"\/Control-Escolar-ITSUR\/public\/api\/charts\/promedios-ciclo","msg":"chart_query","ctx":{"type":"promedios_ciclo"}}
{"ts":"2025-11-24T22:15:20+01:00","user_id":90,"role":"admin","path":"\/Control-Escolar-ITSUR\/public\/api\/charts\/reprobados","msg":"chart_query","ctx":{"type":"reprobados_materia"}}
{"ts":"2025-11-24T22:16:13+01:00","user_id":90,"role":"admin","path":"\/Control-Escolar-ITSUR\/public\/login","msg":"login_success","ctx":{"user_id":90,"role":"admin"}}
{"ts":"2025-11-24T22:16:13+01:00","user_id":90,"role":"admin","path":"\/Control-Escolar-ITSUR\/public\/api\/charts\/promedios-ciclo","msg":"chart_query","ctx":{"type":"promedios_ciclo"}}
{"ts":"2025-11-24T22:16:13+01:00","user_id":90,"role":"admin","path":"\/Control-Escolar-ITSUR\/public\/api\/charts\/reprobados","msg":"chart_query","ctx":{"type":"reprobados_materia"}}
{"ts":"2025-11-24T22:23:32+01:00","user_id":90,"role":"admin","path":"\/Control-Escolar-ITSUR\/public\/login","msg":"login_success","ctx":{"user_id":90,"role":"admin"}}
{"ts":"2025-11-24T22:23:32+01:00","user_id":90,"role":"admin","path":"\/Control-Escolar-ITSUR\/public\/api\/charts\/promedios-ciclo","msg":"chart_query","ctx":{"type":"promedios_ciclo"}}
{"ts":"2025-11-24T22:23:32+01:00","user_id":90,"role":"admin","path":"\/Control-Escolar-ITSUR\/public\/api\/charts\/reprobados","msg":"chart_query","ctx":{"type":"reprobados_materia"}}
{"ts":"2025-11-24T22:41:34+01:00","user_id":90,"role":"admin","path":"\/Control-Escolar-ITSUR\/public\/login","msg":"login_success","ctx":{"user_id":90,"role":"admin"}}
{"ts":"2025-11-24T22:41:34+01:00","user_id":90,"role":"admin","path":"\/Control-Escolar-ITSUR\/public\/api\/charts\/reprobados","msg":"chart_query","ctx":{"type":"reprobados_materia"}}
{"ts":"2025-11-24T22:41:34+01:00","user_id":90,"role":"admin","path":"\/Control-Escolar-ITSUR\/public\/api\/charts\/promedios-ciclo","msg":"chart_query","ctx":{"type":"promedios_ciclo"}}
{"ts":"2025-11-24T23:16:21+01:00","user_id":90,"role":"admin","path":"\/Control-Escolar-ITSUR\/public\/login","msg":"login_success","ctx":{"user_id":90,"role":"admin"}}
{"ts":"2025-11-24T23:16:21+01:00","user_id":90,"role":"admin","path":"\/Control-Escolar-ITSUR\/public\/api\/charts\/promedios-ciclo","msg":"chart_query","ctx":{"type":"promedios_ciclo"}}
{"ts":"2025-11-24T23:16:21+01:00","user_id":90,"role":"admin","path":"\/Control-Escolar-ITSUR\/public\/api\/charts\/reprobados","msg":"chart_query","ctx":{"type":"reprobados_materia"}}
{"ts":"2025-11-24T23:23:49+01:00","user_id":90,"role":"admin","path":"\/Control-Escolar-ITSUR\/public\/login","msg":"login_success","ctx":{"user_id":90,"role":"admin"}}
{"ts":"2025-11-24T23:23:50+01:00","user_id":90,"role":"admin","path":"\/Control-Escolar-ITSUR\/public\/api\/charts\/promedios-ciclo","msg":"chart_query","ctx":{"type":"promedios_ciclo"}}
{"ts":"2025-11-24T23:23:50+01:00","user_id":90,"role":"admin","path":"\/Control-Escolar-ITSUR\/public\/api\/charts\/reprobados","msg":"chart_query","ctx":{"type":"reprobados_materia"}}
{"ts":"2025-11-24T23:30:34+01:00","user_id":90,"role":"admin","path":"\/Control-Escolar-ITSUR\/public\/login","msg":"login_success","ctx":{"user_id":90,"role":"admin"}}
{"ts":"2025-11-24T23:30:35+01:00","user_id":90,"role":"admin","path":"\/Control-Escolar-ITSUR\/public\/api\/charts\/promedios-ciclo","msg":"chart_query","ctx":{"type":"promedios_ciclo"}}
{"ts":"2025-11-24T23:30:35+01:00","user_id":90,"role":"admin","path":"\/Control-Escolar-ITSUR\/public\/api\/charts\/reprobados","msg":"chart_query","ctx":{"type":"reprobados_materia"}}
{"ts":"2025-11-24T23:33:18+01:00","user_id":90,"role":"admin","path":"\/Control-Escolar-ITSUR\/public\/login","msg":"login_success","ctx":{"user_id":90,"role":"admin"}}
{"ts":"2025-11-24T23:33:18+01:00","user_id":90,"role":"admin","path":"\/Control-Escolar-ITSUR\/public\/api\/charts\/promedios-ciclo","msg":"chart_query","ctx":{"type":"promedios_ciclo"}}
{"ts":"2025-11-24T23:33:19+01:00","user_id":90,"role":"admin","path":"\/Control-Escolar-ITSUR\/public\/api\/charts\/reprobados","msg":"chart_query","ctx":{"type":"reprobados_materia"}}
{"ts":"2025-11-24T23:39:28+01:00","user_id":90,"role":"admin","path":"\/Control-Escolar-ITSUR\/public\/login","msg":"login_success","ctx":{"user_id":90,"role":"admin"}}
{"ts":"2025-11-24T23:39:28+01:00","user_id":90,"role":"admin","path":"\/Control-Escolar-ITSUR\/public\/api\/charts\/promedios-ciclo","msg":"chart_query","ctx":{"type":"promedios_ciclo"}}
{"ts":"2025-11-24T23:39:29+01:00","user_id":90,"role":"admin","path":"\/Control-Escolar-ITSUR\/public\/api\/charts\/reprobados","msg":"chart_query","ctx":{"type":"reprobados_materia"}}
{"ts":"2025-11-24T23:39:30+01:00","user_id":90,"role":"admin","path":"\/Control-Escolar-ITSUR\/public\/api\/charts\/promedios-ciclo?ciclo=2025-2","msg":"chart_query","ctx":{"type":"promedios_ciclo"}}
{"ts":"2025-11-24T23:39:30+01:00","user_id":90,"role":"admin","path":"\/Control-Escolar-ITSUR\/public\/api\/charts\/reprobados?ciclo=2025-2","msg":"chart_query","ctx":{"type":"reprobados_materia"}}
{"ts":"2025-11-24T23:39:40+01:00","user_id":90,"role":"admin","path":"\/Control-Escolar-ITSUR\/public\/api\/charts\/reprobados?ciclo=2025-2&grupo_id=803","msg":"chart_query","ctx":{"type":"reprobados_materia"}}
{"ts":"2025-11-24T23:39:40+01:00","user_id":90,"role":"admin","path":"\/Control-Escolar-ITSUR\/public\/api\/charts\/promedios-ciclo?ciclo=2025-2&grupo_id=803","msg":"chart_query","ctx":{"type":"promedios_ciclo"}}
{"ts":"2025-11-24T23:39:46+01:00","user_id":90,"role":"admin","path":"\/Control-Escolar-ITSUR\/public\/api\/charts\/promedios-ciclo?ciclo=2025-2&grupo_id=800","msg":"chart_query","ctx":{"type":"promedios_ciclo"}}
{"ts":"2025-11-24T23:39:46+01:00","user_id":90,"role":"admin","path":"\/Control-Escolar-ITSUR\/public\/api\/charts\/reprobados?ciclo=2025-2&grupo_id=800","msg":"chart_query","ctx":{"type":"reprobados_materia"}}
